19-Feb-2024 19:47:30.329 INFO [http-nio-8080-exec-1] org.apache.catalina.core.ApplicationContext.log Manager: init: Associated with Deployer 'Catalina:type=Deployer,host=localhost'
19-Feb-2024 19:47:30.329 INFO [http-nio-8080-exec-1] org.apache.catalina.core.ApplicationContext.log Manager: init: Global resources are available
19-Feb-2024 19:47:30.386 INFO [http-nio-8080-exec-1] org.apache.catalina.core.ApplicationContext.log Manager: deploy: Deploying web application '/webapp'
19-Feb-2024 19:47:30.387 INFO [http-nio-8080-exec-1] org.apache.catalina.core.ApplicationContext.log Manager: Uploading WAR file to C:\Users\Dramirez\Desktop\Java-EE-git\API servlet\apache-tomcat-10.1.18\webapps\webapp.war.tmp
19-Feb-2024 19:49:30.086 INFO [http-nio-8080-exec-8] org.apache.catalina.core.ApplicationContext.log Manager: deploy: Deploying web application '/webapp'
19-Feb-2024 19:49:30.086 INFO [http-nio-8080-exec-8] org.apache.catalina.core.ApplicationContext.log Manager: Uploading WAR file to C:\Users\Dramirez\Desktop\Java-EE-git\API servlet\apache-tomcat-10.1.18\webapps\webapp.war.tmp
19-Feb-2024 19:50:50.338 INFO [http-nio-8080-exec-15] org.apache.catalina.core.ApplicationContext.log Manager: deploy: Deploying web application '/webapp'
19-Feb-2024 19:50:50.339 INFO [http-nio-8080-exec-15] org.apache.catalina.core.ApplicationContext.log Manager: Uploading WAR file to C:\Users\Dramirez\Desktop\Java-EE-git\API servlet\apache-tomcat-10.1.18\webapps\webapp.war.tmp
19-Feb-2024 19:54:07.929 INFO [http-nio-8080-exec-22] org.apache.catalina.core.ApplicationContext.log Manager: deploy: Deploying web application '/webapp'
19-Feb-2024 19:54:07.929 INFO [http-nio-8080-exec-22] org.apache.catalina.core.ApplicationContext.log Manager: Uploading WAR file to C:\Users\Dramirez\Desktop\Java-EE-git\API servlet\apache-tomcat-10.1.18\webapps\webapp.war.tmp
19-Feb-2024 19:54:52.277 INFO [http-nio-8080-exec-20] org.apache.catalina.core.ApplicationContext.log HTMLManager: init: Associated with Deployer 'Catalina:type=Deployer,host=localhost'
19-Feb-2024 19:54:52.277 INFO [http-nio-8080-exec-20] org.apache.catalina.core.ApplicationContext.log HTMLManager: init: Global resources are available
19-Feb-2024 19:54:52.314 INFO [http-nio-8080-exec-20] org.apache.catalina.core.ApplicationContext.log HTMLManager: list: Listing contexts for virtual host 'localhost'
19-Feb-2024 20:32:11.490 INFO [http-nio-8080-exec-1] org.apache.catalina.core.ApplicationContext.log Manager: init: Associated with Deployer 'Catalina:type=Deployer,host=localhost'
19-Feb-2024 20:32:11.491 INFO [http-nio-8080-exec-1] org.apache.catalina.core.ApplicationContext.log Manager: init: Global resources are available
19-Feb-2024 20:32:11.508 INFO [http-nio-8080-exec-1] org.apache.catalina.core.ApplicationContext.log Manager: deploy: Deploying web application '/webapp'
19-Feb-2024 20:32:11.509 INFO [http-nio-8080-exec-1] org.apache.catalina.core.ApplicationContext.log Manager: Uploading WAR file to C:\Users\Dramirez\Desktop\Java-EE-git\API servlet\apache-tomcat-10.1.18\webapps\webapp.war.tmp
19-Feb-2024 20:33:21.025 INFO [http-nio-8080-exec-11] org.apache.catalina.core.ApplicationContext.log Manager: deploy: Deploying web application '/webapp'
19-Feb-2024 20:33:21.025 INFO [http-nio-8080-exec-11] org.apache.catalina.core.ApplicationContext.log Manager: Uploading WAR file to C:\Users\Dramirez\Desktop\Java-EE-git\API servlet\apache-tomcat-10.1.18\webapps\webapp.war.tmp
19-Feb-2024 20:35:47.382 INFO [http-nio-8080-exec-15] org.apache.catalina.core.ApplicationContext.log Manager: deploy: Deploying web application '/webapp'
19-Feb-2024 20:35:47.382 INFO [http-nio-8080-exec-15] org.apache.catalina.core.ApplicationContext.log Manager: Uploading WAR file to C:\Users\Dramirez\Desktop\Java-EE-git\API servlet\apache-tomcat-10.1.18\webapps\webapp.war.tmp
19-Feb-2024 20:41:04.639 INFO [http-nio-8080-exec-19] org.apache.catalina.core.ApplicationContext.log Manager: deploy: Deploying web application '/webapp'
19-Feb-2024 20:41:04.639 INFO [http-nio-8080-exec-19] org.apache.catalina.core.ApplicationContext.log Manager: Uploading WAR file to C:\Users\Dramirez\Desktop\Java-EE-git\API servlet\apache-tomcat-10.1.18\webapps\webapp.war.tmp
19-Feb-2024 20:43:43.890 INFO [http-nio-8080-exec-31] org.apache.catalina.core.ApplicationContext.log Manager: deploy: Deploying web application '/webapp'
19-Feb-2024 20:43:43.890 INFO [http-nio-8080-exec-31] org.apache.catalina.core.ApplicationContext.log Manager: Uploading WAR file to C:\Users\Dramirez\Desktop\Java-EE-git\API servlet\apache-tomcat-10.1.18\webapps\webapp.war.tmp
19-Feb-2024 20:45:43.254 INFO [http-nio-8080-exec-39] org.apache.catalina.core.ApplicationContext.log Manager: deploy: Deploying web application '/webapp'
19-Feb-2024 20:45:43.254 INFO [http-nio-8080-exec-39] org.apache.catalina.core.ApplicationContext.log Manager: Uploading WAR file to C:\Users\Dramirez\Desktop\Java-EE-git\API servlet\apache-tomcat-10.1.18\webapps\webapp.war.tmp
19-Feb-2024 20:49:53.364 INFO [http-nio-8080-exec-49] org.apache.catalina.core.ApplicationContext.log Manager: deploy: Deploying web application '/webapp'
19-Feb-2024 20:49:53.365 INFO [http-nio-8080-exec-49] org.apache.catalina.core.ApplicationContext.log Manager: Uploading WAR file to C:\Users\Dramirez\Desktop\Java-EE-git\API servlet\apache-tomcat-10.1.18\webapps\webapp.war.tmp
19-Feb-2024 20:50:28.283 INFO [http-nio-8080-exec-52] org.apache.catalina.core.ApplicationContext.log Manager: deploy: Deploying web application '/webapp'
19-Feb-2024 20:50:28.283 INFO [http-nio-8080-exec-52] org.apache.catalina.core.ApplicationContext.log Manager: Uploading WAR file to C:\Users\Dramirez\Desktop\Java-EE-git\API servlet\apache-tomcat-10.1.18\webapps\webapp.war.tmp
19-Feb-2024 20:53:02.700 INFO [http-nio-8080-exec-59] org.apache.catalina.core.ApplicationContext.log Manager: deploy: Deploying web application '/webapp'
19-Feb-2024 20:53:02.701 INFO [http-nio-8080-exec-59] org.apache.catalina.core.ApplicationContext.log Manager: Uploading WAR file to C:\Users\Dramirez\Desktop\Java-EE-git\API servlet\apache-tomcat-10.1.18\webapps\webapp.war.tmp
